\BOOKMARK [1][-]{section.1}{\376\377\000R\000e\000s\000u\000m\000e\000n}{}% 1
\BOOKMARK [1][-]{section.2}{\376\377\000A\000b\000s\000t\000r\000a\000c\000t}{}% 2
\BOOKMARK [1][-]{section.3}{\376\377\000I\000n\000t\000r\000o\000d\000u\000c\000c\000i\000o\000n}{}% 3
\BOOKMARK [1][-]{section.4}{\376\377\000D\000e\000s\000a\000r\000r\000o\000l\000l\000o}{}% 4
\BOOKMARK [2][-]{subsection.4.1}{\376\377\000E\000X\000T\000R\000A\000C\000C\000I\000O\000N\000\040\000D\000E\000\040\000D\000A\000T\000O\000S\000\040}{section.4}% 5
\BOOKMARK [2][-]{subsection.4.2}{\376\377\000\277\000Q\000u\000\351\000\040\000e\000s\000\040\000l\000a\000\040\000e\000x\000t\000r\000a\000c\000c\000i\000\363\000n\000\040\000d\000e\000\040\000b\000a\000s\000e\000s\000\040\000d\000e\000\040\000d\000a\000t\000o\000s\000?}{section.4}% 6
\BOOKMARK [2][-]{subsection.4.3}{\376\377\000T\000\351\000c\000n\000i\000c\000a\000s\000\040\000d\000e\000\040\000e\000x\000t\000r\000a\000c\000c\000i\000\363\000n\000\040\000d\000e\000\040\000b\000a\000s\000e\000s\000\040\000d\000e\000\040\000d\000a\000t\000o\000s}{section.4}% 7
\BOOKMARK [3][-]{subsubsection.4.3.1}{\376\377\000E\000x\000t\000r\000a\000c\000c\000i\000\363\000n\000\040\000c\000o\000m\000p\000l\000e\000t\000a}{subsection.4.3}% 8
\BOOKMARK [3][-]{subsubsection.4.3.2}{\376\377\000E\000x\000t\000r\000a\000c\000c\000i\000\363\000n\000\040\000i\000n\000c\000r\000e\000m\000e\000n\000t\000a\000l}{subsection.4.3}% 9
\BOOKMARK [3][-]{subsubsection.4.3.3}{\376\377\000E\000n\000v\000o\000l\000v\000e\000r}{subsection.4.3}% 10
\BOOKMARK [3][-]{subsubsection.4.3.4}{\376\377\000W\000e\000b\000\040\000S\000c\000r\000a\000p\000p\000i\000n\000g}{subsection.4.3}% 11
\BOOKMARK [2][-]{subsection.4.4}{\376\377\000\277\000P\000o\000r\000\040\000q\000u\000\351\000\040\000u\000t\000i\000l\000i\000z\000a\000r\000\040\000h\000e\000r\000r\000a\000m\000i\000e\000n\000t\000a\000s\000\040\000d\000e\000\040\000W\000e\000b\000\040\000S\000c\000r\000a\000p\000i\000n\000g\000?}{section.4}% 12
\BOOKMARK [3][-]{subsubsection.4.4.1}{\376\377\000R\000e\000c\000o\000p\000i\000l\000a\000r\000\040\000d\000a\000t\000o\000s\000\040\000p\000a\000r\000a\000\040\000l\000a\000\040\000i\000n\000v\000e\000s\000t\000i\000g\000a\000c\000i\000\363\000n\000\040\000d\000e\000\040\000m\000e\000r\000c\000a\000d\000o}{subsection.4.4}% 13
\BOOKMARK [3][-]{subsubsection.4.4.2}{\376\377\000E\000x\000t\000r\000a\000e\000r\000\040\000i\000n\000f\000o\000r\000m\000a\000c\000i\000\363\000n\000\040\000d\000e\000\040\000c\000o\000n\000t\000a\000c\000t\000o}{subsection.4.4}% 14
\BOOKMARK [3][-]{subsubsection.4.4.3}{\376\377\000D\000e\000s\000c\000a\000r\000g\000a\000r\000\040\000s\000o\000l\000u\000c\000i\000o\000n\000e\000s\000\040\000d\000e\000\040\000S\000t\000a\000c\000k\000O\000v\000e\000r\000f\000l\000o\000w}{subsection.4.4}% 15
\BOOKMARK [3][-]{subsubsection.4.4.4}{\376\377\000B\000u\000s\000q\000u\000e\000\040\000t\000r\000a\000b\000a\000j\000o\000s\000\040\000o\000\040\000c\000a\000n\000d\000i\000d\000a\000t\000o\000s}{subsection.4.4}% 16
\BOOKMARK [3][-]{subsubsection.4.4.5}{\376\377\000S\000e\000g\000u\000i\000m\000i\000e\000n\000t\000o\000\040\000d\000e\000\040\000p\000r\000e\000c\000i\000o\000s\000\040\000d\000e\000\040\000m\000\372\000l\000t\000i\000p\000l\000e\000s\000\040\000m\000e\000r\000c\000a\000d\000o\000s}{subsection.4.4}% 17
\BOOKMARK [2][-]{subsection.4.5}{\376\377\000I\000m\000p\000o\000r\000t\000.\000i\000o}{section.4}% 18
\BOOKMARK [2][-]{subsection.4.6}{\376\377\000W\000e\000b\000h\000o\000s\000e\000.\000i\000o}{section.4}% 19
\BOOKMARK [2][-]{subsection.4.7}{\376\377\000D\000e\000x\000i\000.\000i\000o\000\040\000\050\000a\000n\000t\000e\000r\000i\000o\000r\000m\000e\000n\000t\000e\000\040\000c\000o\000n\000o\000c\000i\000d\000o\000\040\000c\000o\000m\000o\000\040\000C\000l\000o\000u\000d\000S\000c\000r\000a\000p\000e\000\051}{section.4}% 20
\BOOKMARK [2][-]{subsection.4.8}{\376\377\000S\000c\000r\000a\000p\000i\000n\000g\000h\000u\000b}{section.4}% 21
\BOOKMARK [2][-]{subsection.4.9}{\376\377\000P\000a\000r\000s\000e\000H\000u\000b}{section.4}% 22
\BOOKMARK [2][-]{subsection.4.10}{\376\377\000V\000i\000s\000u\000a\000l\000S\000c\000r\000a\000p\000e\000r}{section.4}% 23
\BOOKMARK [2][-]{subsection.4.11}{\376\377\000S\000p\000i\000n\000n\0003\000r}{section.4}% 24
\BOOKMARK [2][-]{subsection.4.12}{\376\377\0008\0000\000l\000e\000g\000s}{section.4}% 25
\BOOKMARK [2][-]{subsection.4.13}{\376\377\000R\000a\000s\000p\000a\000d\000o\000r}{section.4}% 26
\BOOKMARK [1][-]{section.5}{\376\377\000C\000o\000n\000c\000l\000u\000s\000i\000o\000n\000e\000s}{}% 27
\BOOKMARK [1][-]{section.6}{\376\377\000R\000e\000c\000o\000m\000e\000n\000d\000a\000c\000i\000o\000n\000e\000s}{}% 28
